-- Using view stored on disk
-- Connection refused (SocketException)
-- Connection refused (SocketException)
-- Connection refused (SocketException)
-- ID = 3
-- N = 4
-- F = 1
-- Port (client <-> server) = 11000
-- Port (server <-> server) = 11001
-- requestTimeout = 2000
-- maxBatch = 1024
-- Binded replica to IP address 11.0.0.4
-- SSL/TLS enabled, protocol version: TLSv1.2
-- In current view: ID:0; F:1; Processes:0(/11.0.0.1:11000),1(/11.0.0.2:11000),2(/11.0.0.3:11000),3(/11.0.0.4:11000),
-- Retrieving State
-- Connection refused (SocketException)
-- Connection refused (SocketException)
-- Connection refused (SocketException)
-- Connection refused (SocketException)
-- Connection refused (SocketException)
-- Connection refused (SocketException)
-- Connection refused (SocketException)
-- Connection refused (SocketException)
-- Connection refused (SocketException)
-- Connection refused (SocketException)
-- Connection refused (SocketException)
-- Connection refused (SocketException)
-- Connection refused (SocketException)
-- Connection refused (SocketException)
-- Connection refused (SocketException)
-- Connection refused (SocketException)
-- Connection refused (SocketException)
-- Connection refused (SocketException)
-- Connection refused (SocketException)
-- Connection refused (SocketException)
-- Connection refused (SocketException)
-- Connection refused (SocketException)
-- Connection refused (SocketException)
-- Connection refused (SocketException)
-- Connection refused (SocketException)
-- Connection refused (SocketException)
-- Connection refused (SocketException)
-- Connection refused (SocketException)
-- Connection refused (SocketException)
-- Connection refused (SocketException)
-- Connection refused (SocketException)
-- Connection refused (SocketException)
-- Connection refused (SocketException)
-- Connection refused (SocketException)
-- Connection refused (SocketException)
-- Connection refused (SocketException)
-- Connection refused (SocketException)
-- Connection refused (SocketException)
-- Connection refused (SocketException)
-- Connection refused (SocketException)
-- Connection refused (SocketException)
-- Connection refused (SocketException)
-- Connection refused (SocketException)
-- Connection refused (SocketException)
-- Connection refused (SocketException)
-- Connection refused (SocketException)
-- Connection refused (SocketException)
-- Connection refused (SocketException)
-- Connection refused (SocketException)
-- Connection refused (SocketException)
-- Connection refused (SocketException)
-- Connection refused (SocketException)
-- Connection refused (SocketException)
-- Connection refused (SocketException)
-- Connection refused (SocketException)
