OpenJDK 64-Bit Server VM warning: sched_getaffinity failed (Function not supported)- using online processor count (8) which may exceed available processors
javax.net.ssl.SSLHandshakeException: no cipher suites in common
	at java.base/sun.security.ssl.Alert.createSSLException(Alert.java:131)
	at java.base/sun.security.ssl.Alert.createSSLException(Alert.java:117)
	at java.base/sun.security.ssl.TransportContext.fatal(TransportContext.java:356)
	at java.base/sun.security.ssl.TransportContext.fatal(TransportContext.java:312)
	at java.base/sun.security.ssl.TransportContext.fatal(TransportContext.java:303)
	at java.base/sun.security.ssl.ServerHello$T12ServerHelloProducer.chooseCipherSuite(ServerHello.java:471)
	at java.base/sun.security.ssl.ServerHello$T12ServerHelloProducer.produce(ServerHello.java:297)
	at java.base/sun.security.ssl.SSLHandshake.produce(SSLHandshake.java:440)
	at java.base/sun.security.ssl.ClientHello$T12ClientHelloConsumer.consume(ClientHello.java:1120)
	at java.base/sun.security.ssl.ClientHello$ClientHelloConsumer.onClientHello(ClientHello.java:853)
	at java.base/sun.security.ssl.ClientHello$ClientHelloConsumer.consume(ClientHello.java:812)
	at java.base/sun.security.ssl.SSLHandshake.consume(SSLHandshake.java:396)
	at java.base/sun.security.ssl.HandshakeContext.dispatch(HandshakeContext.java:480)
	at java.base/sun.security.ssl.HandshakeContext.dispatch(HandshakeContext.java:458)
	at java.base/sun.security.ssl.TransportContext.dispatch(TransportContext.java:199)
	at java.base/sun.security.ssl.SSLTransport.decode(SSLTransport.java:172)
	at java.base/sun.security.ssl.SSLSocketImpl.decode(SSLSocketImpl.java:1506)
	at java.base/sun.security.ssl.SSLSocketImpl.readHandshakeRecord(SSLSocketImpl.java:1416)
	at java.base/sun.security.ssl.SSLSocketImpl.startHandshake(SSLSocketImpl.java:451)
	at java.base/sun.security.ssl.SSLSocketImpl.ensureNegotiated(SSLSocketImpl.java:916)
	at java.base/sun.security.ssl.SSLSocketImpl$AppInputStream.read(SSLSocketImpl.java:1007)
	at java.base/sun.security.ssl.SSLSocketImpl$AppInputStream.read(SSLSocketImpl.java:967)
	at java.base/java.io.DataInputStream.readInt(DataInputStream.java:393)
	at bftsmart.communication.server.ServersCommunicationLayer.run(ServersCommunicationLayer.java:333)
OpenJDK 64-Bit Server VM warning: sched_getaffinity failed (Function not supported)- using online processor count (8) which may exceed available processors
OpenJDK 64-Bit Server VM warning: sched_getaffinity failed (Function not supported)- using online processor count (8) which may exceed available processors
javax.net.ssl.SSLHandshakeException: no cipher suites in common
	at java.base/sun.security.ssl.Alert.createSSLException(Alert.java:131)
	at java.base/sun.security.ssl.Alert.createSSLException(Alert.java:117)
	at java.base/sun.security.ssl.TransportContext.fatal(TransportContext.java:356)
	at java.base/sun.security.ssl.TransportContext.fatal(TransportContext.java:312)
	at java.base/sun.security.ssl.TransportContext.fatal(TransportContext.java:303)
	at java.base/sun.security.ssl.ServerHello$T12ServerHelloProducer.chooseCipherSuite(ServerHello.java:471)
	at java.base/sun.security.ssl.ServerHello$T12ServerHelloProducer.produce(ServerHello.java:297)
	at java.base/sun.security.ssl.SSLHandshake.produce(SSLHandshake.java:440)
	at java.base/sun.security.ssl.ClientHello$T12ClientHelloConsumer.consume(ClientHello.java:1120)
	at java.base/sun.security.ssl.ClientHello$ClientHelloConsumer.onClientHello(ClientHello.java:853)
	at java.base/sun.security.ssl.ClientHello$ClientHelloConsumer.consume(ClientHello.java:812)
	at java.base/sun.security.ssl.SSLHandshake.consume(SSLHandshake.java:396)
	at java.base/sun.security.ssl.HandshakeContext.dispatch(HandshakeContext.java:480)
	at java.base/sun.security.ssl.HandshakeContext.dispatch(HandshakeContext.java:458)
	at java.base/sun.security.ssl.TransportContext.dispatch(TransportContext.java:199)
	at java.base/sun.security.ssl.SSLTransport.decode(SSLTransport.java:172)
	at java.base/sun.security.ssl.SSLSocketImpl.decode(SSLSocketImpl.java:1506)
	at java.base/sun.security.ssl.SSLSocketImpl.readHandshakeRecord(SSLSocketImpl.java:1416)
	at java.base/sun.security.ssl.SSLSocketImpl.startHandshake(SSLSocketImpl.java:451)
	at java.base/sun.security.ssl.SSLSocketImpl.ensureNegotiated(SSLSocketImpl.java:916)
	at java.base/sun.security.ssl.SSLSocketImpl$AppInputStream.read(SSLSocketImpl.java:1007)
	at java.base/sun.security.ssl.SSLSocketImpl$AppInputStream.read(SSLSocketImpl.java:967)
	at java.base/java.io.DataInputStream.readInt(DataInputStream.java:393)
	at bftsmart.communication.server.ServersCommunicationLayer.run(ServersCommunicationLayer.java:333)
OpenJDK 64-Bit Server VM warning: sched_getaffinity failed (Function not supported)- using online processor count (8) which may exceed available processors
javax.net.ssl.SSLHandshakeException: no cipher suites in common
	at java.base/sun.security.ssl.Alert.createSSLException(Alert.java:131)
	at java.base/sun.security.ssl.Alert.createSSLException(Alert.java:117)
	at java.base/sun.security.ssl.TransportContext.fatal(TransportContext.java:356)
	at java.base/sun.security.ssl.TransportContext.fatal(TransportContext.java:312)
	at java.base/sun.security.ssl.TransportContext.fatal(TransportContext.java:303)
	at java.base/sun.security.ssl.ServerHello$T12ServerHelloProducer.chooseCipherSuite(ServerHello.java:471)
	at java.base/sun.security.ssl.ServerHello$T12ServerHelloProducer.produce(ServerHello.java:297)
	at java.base/sun.security.ssl.SSLHandshake.produce(SSLHandshake.java:440)
	at java.base/sun.security.ssl.ClientHello$T12ClientHelloConsumer.consume(ClientHello.java:1120)
	at java.base/sun.security.ssl.ClientHello$ClientHelloConsumer.onClientHello(ClientHello.java:853)
	at java.base/sun.security.ssl.ClientHello$ClientHelloConsumer.consume(ClientHello.java:812)
	at java.base/sun.security.ssl.SSLHandshake.consume(SSLHandshake.java:396)
	at java.base/sun.security.ssl.HandshakeContext.dispatch(HandshakeContext.java:480)
	at java.base/sun.security.ssl.HandshakeContext.dispatch(HandshakeContext.java:458)
	at java.base/sun.security.ssl.TransportContext.dispatch(TransportContext.java:199)
	at java.base/sun.security.ssl.SSLTransport.decode(SSLTransport.java:172)
	at java.base/sun.security.ssl.SSLSocketImpl.decode(SSLSocketImpl.java:1506)
	at java.base/sun.security.ssl.SSLSocketImpl.readHandshakeRecord(SSLSocketImpl.java:1416)
	at java.base/sun.security.ssl.SSLSocketImpl.startHandshake(SSLSocketImpl.java:451)
	at java.base/sun.security.ssl.SSLSocketImpl.ensureNegotiated(SSLSocketImpl.java:916)
	at java.base/sun.security.ssl.SSLSocketImpl$AppInputStream.read(SSLSocketImpl.java:1007)
	at java.base/sun.security.ssl.SSLSocketImpl$AppInputStream.read(SSLSocketImpl.java:967)
	at java.base/java.io.DataInputStream.readInt(DataInputStream.java:393)
	at bftsmart.communication.server.ServersCommunicationLayer.run(ServersCommunicationLayer.java:333)
OpenJDK 64-Bit Server VM warning: sched_getaffinity failed (Function not supported)- using online processor count (8) which may exceed available processors
javax.net.ssl.SSLHandshakeException: no cipher suites in common
	at java.base/sun.security.ssl.Alert.createSSLException(Alert.java:131)
	at java.base/sun.security.ssl.Alert.createSSLException(Alert.java:117)
	at java.base/sun.security.ssl.TransportContext.fatal(TransportContext.java:356)
	at java.base/sun.security.ssl.TransportContext.fatal(TransportContext.java:312)
	at java.base/sun.security.ssl.TransportContext.fatal(TransportContext.java:303)
	at java.base/sun.security.ssl.ServerHello$T12ServerHelloProducer.chooseCipherSuite(ServerHello.java:471)
	at java.base/sun.security.ssl.ServerHello$T12ServerHelloProducer.produce(ServerHello.java:297)
	at java.base/sun.security.ssl.SSLHandshake.produce(SSLHandshake.java:440)
	at java.base/sun.security.ssl.ClientHello$T12ClientHelloConsumer.consume(ClientHello.java:1120)
	at java.base/sun.security.ssl.ClientHello$ClientHelloConsumer.onClientHello(ClientHello.java:853)
	at java.base/sun.security.ssl.ClientHello$ClientHelloConsumer.consume(ClientHello.java:812)
	at java.base/sun.security.ssl.SSLHandshake.consume(SSLHandshake.java:396)
	at java.base/sun.security.ssl.HandshakeContext.dispatch(HandshakeContext.java:480)
	at java.base/sun.security.ssl.HandshakeContext.dispatch(HandshakeContext.java:458)
	at java.base/sun.security.ssl.TransportContext.dispatch(TransportContext.java:199)
	at java.base/sun.security.ssl.SSLTransport.decode(SSLTransport.java:172)
	at java.base/sun.security.ssl.SSLSocketImpl.decode(SSLSocketImpl.java:1506)
	at java.base/sun.security.ssl.SSLSocketImpl.readHandshakeRecord(SSLSocketImpl.java:1416)
	at java.base/sun.security.ssl.SSLSocketImpl.startHandshake(SSLSocketImpl.java:451)
	at java.base/sun.security.ssl.SSLSocketImpl.ensureNegotiated(SSLSocketImpl.java:916)
	at java.base/sun.security.ssl.SSLSocketImpl$AppInputStream.read(SSLSocketImpl.java:1007)
	at java.base/sun.security.ssl.SSLSocketImpl$AppInputStream.read(SSLSocketImpl.java:967)
	at java.base/java.io.DataInputStream.readInt(DataInputStream.java:393)
	at bftsmart.communication.server.ServersCommunicationLayer.run(ServersCommunicationLayer.java:333)
OpenJDK 64-Bit Server VM warning: sched_getaffinity failed (Function not supported)- using online processor count (8) which may exceed available processors
javax.net.ssl.SSLHandshakeException: no cipher suites in common
	at java.base/sun.security.ssl.Alert.createSSLException(Alert.java:131)
	at java.base/sun.security.ssl.Alert.createSSLException(Alert.java:117)
	at java.base/sun.security.ssl.TransportContext.fatal(TransportContext.java:356)
	at java.base/sun.security.ssl.TransportContext.fatal(TransportContext.java:312)
	at java.base/sun.security.ssl.TransportContext.fatal(TransportContext.java:303)
	at java.base/sun.security.ssl.ServerHello$T12ServerHelloProducer.chooseCipherSuite(ServerHello.java:471)
	at java.base/sun.security.ssl.ServerHello$T12ServerHelloProducer.produce(ServerHello.java:297)
	at java.base/sun.security.ssl.SSLHandshake.produce(SSLHandshake.java:440)
	at java.base/sun.security.ssl.ClientHello$T12ClientHelloConsumer.consume(ClientHello.java:1120)
	at java.base/sun.security.ssl.ClientHello$ClientHelloConsumer.onClientHello(ClientHello.java:853)
	at java.base/sun.security.ssl.ClientHello$ClientHelloConsumer.consume(ClientHello.java:812)
	at java.base/sun.security.ssl.SSLHandshake.consume(SSLHandshake.java:396)
	at java.base/sun.security.ssl.HandshakeContext.dispatch(HandshakeContext.java:480)
	at java.base/sun.security.ssl.HandshakeContext.dispatch(HandshakeContext.java:458)
	at java.base/sun.security.ssl.TransportContext.dispatch(TransportContext.java:199)
	at java.base/sun.security.ssl.SSLTransport.decode(SSLTransport.java:172)
	at java.base/sun.security.ssl.SSLSocketImpl.decode(SSLSocketImpl.java:1506)
	at java.base/sun.security.ssl.SSLSocketImpl.readHandshakeRecord(SSLSocketImpl.java:1416)
	at java.base/sun.security.ssl.SSLSocketImpl.startHandshake(SSLSocketImpl.java:451)
	at java.base/sun.security.ssl.SSLSocketImpl.ensureNegotiated(SSLSocketImpl.java:916)
	at java.base/sun.security.ssl.SSLSocketImpl$AppInputStream.read(SSLSocketImpl.java:1007)
	at java.base/sun.security.ssl.SSLSocketImpl$AppInputStream.read(SSLSocketImpl.java:967)
	at java.base/java.io.DataInputStream.readInt(DataInputStream.java:393)
	at bftsmart.communication.server.ServersCommunicationLayer.run(ServersCommunicationLayer.java:333)
javax.net.ssl.SSLHandshakeException: no cipher suites in common
	at java.base/sun.security.ssl.Alert.createSSLException(Alert.java:131)
	at java.base/sun.security.ssl.Alert.createSSLException(Alert.java:117)
	at java.base/sun.security.ssl.TransportContext.fatal(TransportContext.java:356)
	at java.base/sun.security.ssl.TransportContext.fatal(TransportContext.java:312)
	at java.base/sun.security.ssl.TransportContext.fatal(TransportContext.java:303)
	at java.base/sun.security.ssl.ServerHello$T12ServerHelloProducer.chooseCipherSuite(ServerHello.java:471)
	at java.base/sun.security.ssl.ServerHello$T12ServerHelloProducer.produce(ServerHello.java:297)
	at java.base/sun.security.ssl.SSLHandshake.produce(SSLHandshake.java:440)
	at java.base/sun.security.ssl.ClientHello$T12ClientHelloConsumer.consume(ClientHello.java:1120)
	at java.base/sun.security.ssl.ClientHello$ClientHelloConsumer.onClientHello(ClientHello.java:853)
	at java.base/sun.security.ssl.ClientHello$ClientHelloConsumer.consume(ClientHello.java:812)
	at java.base/sun.security.ssl.SSLHandshake.consume(SSLHandshake.java:396)
	at java.base/sun.security.ssl.HandshakeContext.dispatch(HandshakeContext.java:480)
	at java.base/sun.security.ssl.HandshakeContext.dispatch(HandshakeContext.java:458)
	at java.base/sun.security.ssl.TransportContext.dispatch(TransportContext.java:199)
	at java.base/sun.security.ssl.SSLTransport.decode(SSLTransport.java:172)
	at java.base/sun.security.ssl.SSLSocketImpl.decode(SSLSocketImpl.java:1506)
	at java.base/sun.security.ssl.SSLSocketImpl.readHandshakeRecord(SSLSocketImpl.java:1416)
	at java.base/sun.security.ssl.SSLSocketImpl.startHandshake(SSLSocketImpl.java:451)
	at java.base/sun.security.ssl.SSLSocketImpl.ensureNegotiated(SSLSocketImpl.java:916)
	at java.base/sun.security.ssl.SSLSocketImpl$AppInputStream.read(SSLSocketImpl.java:1007)
	at java.base/sun.security.ssl.SSLSocketImpl$AppInputStream.read(SSLSocketImpl.java:967)
	at java.base/java.io.DataInputStream.readInt(DataInputStream.java:393)
	at bftsmart.communication.server.ServersCommunicationLayer.run(ServersCommunicationLayer.java:333)
OpenJDK 64-Bit Server VM warning: sched_getaffinity failed (Function not supported)- using online processor count (8) which may exceed available processors
javax.net.ssl.SSLHandshakeException: no cipher suites in common
	at java.base/sun.security.ssl.Alert.createSSLException(Alert.java:131)
	at java.base/sun.security.ssl.Alert.createSSLException(Alert.java:117)
	at java.base/sun.security.ssl.TransportContext.fatal(TransportContext.java:356)
	at java.base/sun.security.ssl.TransportContext.fatal(TransportContext.java:312)
	at java.base/sun.security.ssl.TransportContext.fatal(TransportContext.java:303)
	at java.base/sun.security.ssl.ServerHello$T12ServerHelloProducer.chooseCipherSuite(ServerHello.java:471)
	at java.base/sun.security.ssl.ServerHello$T12ServerHelloProducer.produce(ServerHello.java:297)
	at java.base/sun.security.ssl.SSLHandshake.produce(SSLHandshake.java:440)
	at java.base/sun.security.ssl.ClientHello$T12ClientHelloConsumer.consume(ClientHello.java:1120)
	at java.base/sun.security.ssl.ClientHello$ClientHelloConsumer.onClientHello(ClientHello.java:853)
	at java.base/sun.security.ssl.ClientHello$ClientHelloConsumer.consume(ClientHello.java:812)
	at java.base/sun.security.ssl.SSLHandshake.consume(SSLHandshake.java:396)
	at java.base/sun.security.ssl.HandshakeContext.dispatch(HandshakeContext.java:480)
	at java.base/sun.security.ssl.HandshakeContext.dispatch(HandshakeContext.java:458)
	at java.base/sun.security.ssl.TransportContext.dispatch(TransportContext.java:199)
	at java.base/sun.security.ssl.SSLTransport.decode(SSLTransport.java:172)
	at java.base/sun.security.ssl.SSLSocketImpl.decode(SSLSocketImpl.java:1506)
	at java.base/sun.security.ssl.SSLSocketImpl.readHandshakeRecord(SSLSocketImpl.java:1416)
	at java.base/sun.security.ssl.SSLSocketImpl.startHandshake(SSLSocketImpl.java:451)
	at java.base/sun.security.ssl.SSLSocketImpl.ensureNegotiated(SSLSocketImpl.java:916)
	at java.base/sun.security.ssl.SSLSocketImpl$AppInputStream.read(SSLSocketImpl.java:1007)
	at java.base/sun.security.ssl.SSLSocketImpl$AppInputStream.read(SSLSocketImpl.java:967)
	at java.base/java.io.DataInputStream.readInt(DataInputStream.java:393)
	at bftsmart.communication.server.ServersCommunicationLayer.run(ServersCommunicationLayer.java:333)
OpenJDK 64-Bit Server VM warning: sched_getaffinity failed (Function not supported)- using online processor count (8) which may exceed available processors
javax.net.ssl.SSLHandshakeException: no cipher suites in common
	at java.base/sun.security.ssl.Alert.createSSLException(Alert.java:131)
	at java.base/sun.security.ssl.Alert.createSSLException(Alert.java:117)
	at java.base/sun.security.ssl.TransportContext.fatal(TransportContext.java:356)
	at java.base/sun.security.ssl.TransportContext.fatal(TransportContext.java:312)
	at java.base/sun.security.ssl.TransportContext.fatal(TransportContext.java:303)
	at java.base/sun.security.ssl.ServerHello$T12ServerHelloProducer.chooseCipherSuite(ServerHello.java:471)
	at java.base/sun.security.ssl.ServerHello$T12ServerHelloProducer.produce(ServerHello.java:297)
	at java.base/sun.security.ssl.SSLHandshake.produce(SSLHandshake.java:440)
	at java.base/sun.security.ssl.ClientHello$T12ClientHelloConsumer.consume(ClientHello.java:1120)
	at java.base/sun.security.ssl.ClientHello$ClientHelloConsumer.onClientHello(ClientHello.java:853)
	at java.base/sun.security.ssl.ClientHello$ClientHelloConsumer.consume(ClientHello.java:812)
	at java.base/sun.security.ssl.SSLHandshake.consume(SSLHandshake.java:396)
	at java.base/sun.security.ssl.HandshakeContext.dispatch(HandshakeContext.java:480)
	at java.base/sun.security.ssl.HandshakeContext.dispatch(HandshakeContext.java:458)
	at java.base/sun.security.ssl.TransportContext.dispatch(TransportContext.java:199)
	at java.base/sun.security.ssl.SSLTransport.decode(SSLTransport.java:172)
	at java.base/sun.security.ssl.SSLSocketImpl.decode(SSLSocketImpl.java:1506)
	at java.base/sun.security.ssl.SSLSocketImpl.readHandshakeRecord(SSLSocketImpl.java:1416)
	at java.base/sun.security.ssl.SSLSocketImpl.startHandshake(SSLSocketImpl.java:451)
	at java.base/sun.security.ssl.SSLSocketImpl.ensureNegotiated(SSLSocketImpl.java:916)
	at java.base/sun.security.ssl.SSLSocketImpl$AppInputStream.read(SSLSocketImpl.java:1007)
	at java.base/sun.security.ssl.SSLSocketImpl$AppInputStream.read(SSLSocketImpl.java:967)
	at java.base/java.io.DataInputStream.readInt(DataInputStream.java:393)
	at bftsmart.communication.server.ServersCommunicationLayer.run(ServersCommunicationLayer.java:333)
OpenJDK 64-Bit Server VM warning: sched_getaffinity failed (Function not supported)- using online processor count (8) which may exceed available processors
javax.net.ssl.SSLHandshakeException: no cipher suites in common
	at java.base/sun.security.ssl.Alert.createSSLException(Alert.java:131)
	at java.base/sun.security.ssl.Alert.createSSLException(Alert.java:117)
	at java.base/sun.security.ssl.TransportContext.fatal(TransportContext.java:356)
	at java.base/sun.security.ssl.TransportContext.fatal(TransportContext.java:312)
	at java.base/sun.security.ssl.TransportContext.fatal(TransportContext.java:303)
	at java.base/sun.security.ssl.ServerHello$T12ServerHelloProducer.chooseCipherSuite(ServerHello.java:471)
	at java.base/sun.security.ssl.ServerHello$T12ServerHelloProducer.produce(ServerHello.java:297)
	at java.base/sun.security.ssl.SSLHandshake.produce(SSLHandshake.java:440)
	at java.base/sun.security.ssl.ClientHello$T12ClientHelloConsumer.consume(ClientHello.java:1120)
	at java.base/sun.security.ssl.ClientHello$ClientHelloConsumer.onClientHello(ClientHello.java:853)
	at java.base/sun.security.ssl.ClientHello$ClientHelloConsumer.consume(ClientHello.java:812)
	at java.base/sun.security.ssl.SSLHandshake.consume(SSLHandshake.java:396)
	at java.base/sun.security.ssl.HandshakeContext.dispatch(HandshakeContext.java:480)
	at java.base/sun.security.ssl.HandshakeContext.dispatch(HandshakeContext.java:458)
	at java.base/sun.security.ssl.TransportContext.dispatch(TransportContext.java:199)
	at java.base/sun.security.ssl.SSLTransport.decode(SSLTransport.java:172)
	at java.base/sun.security.ssl.SSLSocketImpl.decode(SSLSocketImpl.java:1506)
	at java.base/sun.security.ssl.SSLSocketImpl.readHandshakeRecord(SSLSocketImpl.java:1416)
	at java.base/sun.security.ssl.SSLSocketImpl.startHandshake(SSLSocketImpl.java:451)
	at java.base/sun.security.ssl.SSLSocketImpl.ensureNegotiated(SSLSocketImpl.java:916)
	at java.base/sun.security.ssl.SSLSocketImpl$AppInputStream.read(SSLSocketImpl.java:1007)
	at java.base/sun.security.ssl.SSLSocketImpl$AppInputStream.read(SSLSocketImpl.java:967)
	at java.base/java.io.DataInputStream.readInt(DataInputStream.java:393)
	at bftsmart.communication.server.ServersCommunicationLayer.run(ServersCommunicationLayer.java:333)
javax.net.ssl.SSLHandshakeException: no cipher suites in common
	at java.base/sun.security.ssl.Alert.createSSLException(Alert.java:131)
	at java.base/sun.security.ssl.Alert.createSSLException(Alert.java:117)
	at java.base/sun.security.ssl.TransportContext.fatal(TransportContext.java:356)
	at java.base/sun.security.ssl.TransportContext.fatal(TransportContext.java:312)
	at java.base/sun.security.ssl.TransportContext.fatal(TransportContext.java:303)
	at java.base/sun.security.ssl.ServerHello$T12ServerHelloProducer.chooseCipherSuite(ServerHello.java:471)
	at java.base/sun.security.ssl.ServerHello$T12ServerHelloProducer.produce(ServerHello.java:297)
	at java.base/sun.security.ssl.SSLHandshake.produce(SSLHandshake.java:440)
	at java.base/sun.security.ssl.ClientHello$T12ClientHelloConsumer.consume(ClientHello.java:1120)
	at java.base/sun.security.ssl.ClientHello$ClientHelloConsumer.onClientHello(ClientHello.java:853)
	at java.base/sun.security.ssl.ClientHello$ClientHelloConsumer.consume(ClientHello.java:812)
	at java.base/sun.security.ssl.SSLHandshake.consume(SSLHandshake.java:396)
	at java.base/sun.security.ssl.HandshakeContext.dispatch(HandshakeContext.java:480)
	at java.base/sun.security.ssl.HandshakeContext.dispatch(HandshakeContext.java:458)
	at java.base/sun.security.ssl.TransportContext.dispatch(TransportContext.java:199)
	at java.base/sun.security.ssl.SSLTransport.decode(SSLTransport.java:172)
	at java.base/sun.security.ssl.SSLSocketImpl.decode(SSLSocketImpl.java:1506)
	at java.base/sun.security.ssl.SSLSocketImpl.readHandshakeRecord(SSLSocketImpl.java:1416)
	at java.base/sun.security.ssl.SSLSocketImpl.startHandshake(SSLSocketImpl.java:451)
	at java.base/sun.security.ssl.SSLSocketImpl.ensureNegotiated(SSLSocketImpl.java:916)
	at java.base/sun.security.ssl.SSLSocketImpl$AppInputStream.read(SSLSocketImpl.java:1007)
	at java.base/sun.security.ssl.SSLSocketImpl$AppInputStream.read(SSLSocketImpl.java:967)
	at java.base/java.io.DataInputStream.readInt(DataInputStream.java:393)
	at bftsmart.communication.server.ServersCommunicationLayer.run(ServersCommunicationLayer.java:333)
OpenJDK 64-Bit Server VM warning: sched_getaffinity failed (Function not supported)- using online processor count (8) which may exceed available processors
javax.net.ssl.SSLHandshakeException: no cipher suites in common
	at java.base/sun.security.ssl.Alert.createSSLException(Alert.java:131)
	at java.base/sun.security.ssl.Alert.createSSLException(Alert.java:117)
	at java.base/sun.security.ssl.TransportContext.fatal(TransportContext.java:356)
	at java.base/sun.security.ssl.TransportContext.fatal(TransportContext.java:312)
	at java.base/sun.security.ssl.TransportContext.fatal(TransportContext.java:303)
	at java.base/sun.security.ssl.ServerHello$T12ServerHelloProducer.chooseCipherSuite(ServerHello.java:471)
	at java.base/sun.security.ssl.ServerHello$T12ServerHelloProducer.produce(ServerHello.java:297)
	at java.base/sun.security.ssl.SSLHandshake.produce(SSLHandshake.java:440)
	at java.base/sun.security.ssl.ClientHello$T12ClientHelloConsumer.consume(ClientHello.java:1120)
	at java.base/sun.security.ssl.ClientHello$ClientHelloConsumer.onClientHello(ClientHello.java:853)
	at java.base/sun.security.ssl.ClientHello$ClientHelloConsumer.consume(ClientHello.java:812)
	at java.base/sun.security.ssl.SSLHandshake.consume(SSLHandshake.java:396)
	at java.base/sun.security.ssl.HandshakeContext.dispatch(HandshakeContext.java:480)
	at java.base/sun.security.ssl.HandshakeContext.dispatch(HandshakeContext.java:458)
	at java.base/sun.security.ssl.TransportContext.dispatch(TransportContext.java:199)
	at java.base/sun.security.ssl.SSLTransport.decode(SSLTransport.java:172)
	at java.base/sun.security.ssl.SSLSocketImpl.decode(SSLSocketImpl.java:1506)
	at java.base/sun.security.ssl.SSLSocketImpl.readHandshakeRecord(SSLSocketImpl.java:1416)
	at java.base/sun.security.ssl.SSLSocketImpl.startHandshake(SSLSocketImpl.java:451)
	at java.base/sun.security.ssl.SSLSocketImpl.ensureNegotiated(SSLSocketImpl.java:916)
	at java.base/sun.security.ssl.SSLSocketImpl$AppInputStream.read(SSLSocketImpl.java:1007)
	at java.base/sun.security.ssl.SSLSocketImpl$AppInputStream.read(SSLSocketImpl.java:967)
	at java.base/java.io.DataInputStream.readInt(DataInputStream.java:393)
	at bftsmart.communication.server.ServersCommunicationLayer.run(ServersCommunicationLayer.java:333)
OpenJDK 64-Bit Server VM warning: sched_getaffinity failed (Function not supported)- using online processor count (8) which may exceed available processors
javax.net.ssl.SSLHandshakeException: no cipher suites in common
	at java.base/sun.security.ssl.Alert.createSSLException(Alert.java:131)
	at java.base/sun.security.ssl.Alert.createSSLException(Alert.java:117)
	at java.base/sun.security.ssl.TransportContext.fatal(TransportContext.java:356)
	at java.base/sun.security.ssl.TransportContext.fatal(TransportContext.java:312)
	at java.base/sun.security.ssl.TransportContext.fatal(TransportContext.java:303)
	at java.base/sun.security.ssl.ServerHello$T12ServerHelloProducer.chooseCipherSuite(ServerHello.java:471)
	at java.base/sun.security.ssl.ServerHello$T12ServerHelloProducer.produce(ServerHello.java:297)
	at java.base/sun.security.ssl.SSLHandshake.produce(SSLHandshake.java:440)
	at java.base/sun.security.ssl.ClientHello$T12ClientHelloConsumer.consume(ClientHello.java:1120)
	at java.base/sun.security.ssl.ClientHello$ClientHelloConsumer.onClientHello(ClientHello.java:853)
	at java.base/sun.security.ssl.ClientHello$ClientHelloConsumer.consume(ClientHello.java:812)
	at java.base/sun.security.ssl.SSLHandshake.consume(SSLHandshake.java:396)
	at java.base/sun.security.ssl.HandshakeContext.dispatch(HandshakeContext.java:480)
	at java.base/sun.security.ssl.HandshakeContext.dispatch(HandshakeContext.java:458)
	at java.base/sun.security.ssl.TransportContext.dispatch(TransportContext.java:199)
	at java.base/sun.security.ssl.SSLTransport.decode(SSLTransport.java:172)
	at java.base/sun.security.ssl.SSLSocketImpl.decode(SSLSocketImpl.java:1506)
	at java.base/sun.security.ssl.SSLSocketImpl.readHandshakeRecord(SSLSocketImpl.java:1416)
	at java.base/sun.security.ssl.SSLSocketImpl.startHandshake(SSLSocketImpl.java:451)
	at java.base/sun.security.ssl.SSLSocketImpl.ensureNegotiated(SSLSocketImpl.java:916)
	at java.base/sun.security.ssl.SSLSocketImpl$AppInputStream.read(SSLSocketImpl.java:1007)
	at java.base/sun.security.ssl.SSLSocketImpl$AppInputStream.read(SSLSocketImpl.java:967)
	at java.base/java.io.DataInputStream.readInt(DataInputStream.java:393)
	at bftsmart.communication.server.ServersCommunicationLayer.run(ServersCommunicationLayer.java:333)
OpenJDK 64-Bit Server VM warning: sched_getaffinity failed (Function not supported)- using online processor count (8) which may exceed available processors
javax.net.ssl.SSLHandshakeException: no cipher suites in common
	at java.base/sun.security.ssl.Alert.createSSLException(Alert.java:131)
	at java.base/sun.security.ssl.Alert.createSSLException(Alert.java:117)
	at java.base/sun.security.ssl.TransportContext.fatal(TransportContext.java:356)
	at java.base/sun.security.ssl.TransportContext.fatal(TransportContext.java:312)
	at java.base/sun.security.ssl.TransportContext.fatal(TransportContext.java:303)
	at java.base/sun.security.ssl.ServerHello$T12ServerHelloProducer.chooseCipherSuite(ServerHello.java:471)
	at java.base/sun.security.ssl.ServerHello$T12ServerHelloProducer.produce(ServerHello.java:297)
	at java.base/sun.security.ssl.SSLHandshake.produce(SSLHandshake.java:440)
	at java.base/sun.security.ssl.ClientHello$T12ClientHelloConsumer.consume(ClientHello.java:1120)
	at java.base/sun.security.ssl.ClientHello$ClientHelloConsumer.onClientHello(ClientHello.java:853)
	at java.base/sun.security.ssl.ClientHello$ClientHelloConsumer.consume(ClientHello.java:812)
	at java.base/sun.security.ssl.SSLHandshake.consume(SSLHandshake.java:396)
	at java.base/sun.security.ssl.HandshakeContext.dispatch(HandshakeContext.java:480)
	at java.base/sun.security.ssl.HandshakeContext.dispatch(HandshakeContext.java:458)
	at java.base/sun.security.ssl.TransportContext.dispatch(TransportContext.java:199)
	at java.base/sun.security.ssl.SSLTransport.decode(SSLTransport.java:172)
	at java.base/sun.security.ssl.SSLSocketImpl.decode(SSLSocketImpl.java:1506)
	at java.base/sun.security.ssl.SSLSocketImpl.readHandshakeRecord(SSLSocketImpl.java:1416)
	at java.base/sun.security.ssl.SSLSocketImpl.startHandshake(SSLSocketImpl.java:451)
	at java.base/sun.security.ssl.SSLSocketImpl.ensureNegotiated(SSLSocketImpl.java:916)
	at java.base/sun.security.ssl.SSLSocketImpl$AppInputStream.read(SSLSocketImpl.java:1007)
	at java.base/sun.security.ssl.SSLSocketImpl$AppInputStream.read(SSLSocketImpl.java:967)
	at java.base/java.io.DataInputStream.readInt(DataInputStream.java:393)
	at bftsmart.communication.server.ServersCommunicationLayer.run(ServersCommunicationLayer.java:333)
OpenJDK 64-Bit Server VM warning: sched_getaffinity failed (Function not supported)- using online processor count (8) which may exceed available processors
javax.net.ssl.SSLHandshakeException: no cipher suites in common
	at java.base/sun.security.ssl.Alert.createSSLException(Alert.java:131)
	at java.base/sun.security.ssl.Alert.createSSLException(Alert.java:117)
	at java.base/sun.security.ssl.TransportContext.fatal(TransportContext.java:356)
	at java.base/sun.security.ssl.TransportContext.fatal(TransportContext.java:312)
	at java.base/sun.security.ssl.TransportContext.fatal(TransportContext.java:303)
	at java.base/sun.security.ssl.ServerHello$T12ServerHelloProducer.chooseCipherSuite(ServerHello.java:471)
	at java.base/sun.security.ssl.ServerHello$T12ServerHelloProducer.produce(ServerHello.java:297)
	at java.base/sun.security.ssl.SSLHandshake.produce(SSLHandshake.java:440)
	at java.base/sun.security.ssl.ClientHello$T12ClientHelloConsumer.consume(ClientHello.java:1120)
	at java.base/sun.security.ssl.ClientHello$ClientHelloConsumer.onClientHello(ClientHello.java:853)
	at java.base/sun.security.ssl.ClientHello$ClientHelloConsumer.consume(ClientHello.java:812)
	at java.base/sun.security.ssl.SSLHandshake.consume(SSLHandshake.java:396)
	at java.base/sun.security.ssl.HandshakeContext.dispatch(HandshakeContext.java:480)
	at java.base/sun.security.ssl.HandshakeContext.dispatch(HandshakeContext.java:458)
	at java.base/sun.security.ssl.TransportContext.dispatch(TransportContext.java:199)
	at java.base/sun.security.ssl.SSLTransport.decode(SSLTransport.java:172)
	at java.base/sun.security.ssl.SSLSocketImpl.decode(SSLSocketImpl.java:1506)
	at java.base/sun.security.ssl.SSLSocketImpl.readHandshakeRecord(SSLSocketImpl.java:1416)
	at java.base/sun.security.ssl.SSLSocketImpl.startHandshake(SSLSocketImpl.java:451)
	at java.base/sun.security.ssl.SSLSocketImpl.ensureNegotiated(SSLSocketImpl.java:916)
	at java.base/sun.security.ssl.SSLSocketImpl$AppInputStream.read(SSLSocketImpl.java:1007)
	at java.base/sun.security.ssl.SSLSocketImpl$AppInputStream.read(SSLSocketImpl.java:967)
	at java.base/java.io.DataInputStream.readInt(DataInputStream.java:393)
	at bftsmart.communication.server.ServersCommunicationLayer.run(ServersCommunicationLayer.java:333)
OpenJDK 64-Bit Server VM warning: sched_getaffinity failed (Function not supported)- using online processor count (8) which may exceed available processors
javax.net.ssl.SSLHandshakeException: no cipher suites in common
	at java.base/sun.security.ssl.Alert.createSSLException(Alert.java:131)
	at java.base/sun.security.ssl.Alert.createSSLException(Alert.java:117)
	at java.base/sun.security.ssl.TransportContext.fatal(TransportContext.java:356)
	at java.base/sun.security.ssl.TransportContext.fatal(TransportContext.java:312)
	at java.base/sun.security.ssl.TransportContext.fatal(TransportContext.java:303)
	at java.base/sun.security.ssl.ServerHello$T12ServerHelloProducer.chooseCipherSuite(ServerHello.java:471)
	at java.base/sun.security.ssl.ServerHello$T12ServerHelloProducer.produce(ServerHello.java:297)
	at java.base/sun.security.ssl.SSLHandshake.produce(SSLHandshake.java:440)
	at java.base/sun.security.ssl.ClientHello$T12ClientHelloConsumer.consume(ClientHello.java:1120)
	at java.base/sun.security.ssl.ClientHello$ClientHelloConsumer.onClientHello(ClientHello.java:853)
	at java.base/sun.security.ssl.ClientHello$ClientHelloConsumer.consume(ClientHello.java:812)
	at java.base/sun.security.ssl.SSLHandshake.consume(SSLHandshake.java:396)
	at java.base/sun.security.ssl.HandshakeContext.dispatch(HandshakeContext.java:480)
	at java.base/sun.security.ssl.HandshakeContext.dispatch(HandshakeContext.java:458)
	at java.base/sun.security.ssl.TransportContext.dispatch(TransportContext.java:199)
	at java.base/sun.security.ssl.SSLTransport.decode(SSLTransport.java:172)
	at java.base/sun.security.ssl.SSLSocketImpl.decode(SSLSocketImpl.java:1506)
	at java.base/sun.security.ssl.SSLSocketImpl.readHandshakeRecord(SSLSocketImpl.java:1416)
	at java.base/sun.security.ssl.SSLSocketImpl.startHandshake(SSLSocketImpl.java:451)
	at java.base/sun.security.ssl.SSLSocketImpl.ensureNegotiated(SSLSocketImpl.java:916)
	at java.base/sun.security.ssl.SSLSocketImpl$AppInputStream.read(SSLSocketImpl.java:1007)
	at java.base/sun.security.ssl.SSLSocketImpl$AppInputStream.read(SSLSocketImpl.java:967)
	at java.base/java.io.DataInputStream.readInt(DataInputStream.java:393)
	at bftsmart.communication.server.ServersCommunicationLayer.run(ServersCommunicationLayer.java:333)
javax.net.ssl.SSLHandshakeException: no cipher suites in common
	at java.base/sun.security.ssl.Alert.createSSLException(Alert.java:131)
	at java.base/sun.security.ssl.Alert.createSSLException(Alert.java:117)
	at java.base/sun.security.ssl.TransportContext.fatal(TransportContext.java:356)
	at java.base/sun.security.ssl.TransportContext.fatal(TransportContext.java:312)
	at java.base/sun.security.ssl.TransportContext.fatal(TransportContext.java:303)
	at java.base/sun.security.ssl.ServerHello$T12ServerHelloProducer.chooseCipherSuite(ServerHello.java:471)
	at java.base/sun.security.ssl.ServerHello$T12ServerHelloProducer.produce(ServerHello.java:297)
	at java.base/sun.security.ssl.SSLHandshake.produce(SSLHandshake.java:440)
	at java.base/sun.security.ssl.ClientHello$T12ClientHelloConsumer.consume(ClientHello.java:1120)
	at java.base/sun.security.ssl.ClientHello$ClientHelloConsumer.onClientHello(ClientHello.java:853)
	at java.base/sun.security.ssl.ClientHello$ClientHelloConsumer.consume(ClientHello.java:812)
	at java.base/sun.security.ssl.SSLHandshake.consume(SSLHandshake.java:396)
	at java.base/sun.security.ssl.HandshakeContext.dispatch(HandshakeContext.java:480)
	at java.base/sun.security.ssl.HandshakeContext.dispatch(HandshakeContext.java:458)
	at java.base/sun.security.ssl.TransportContext.dispatch(TransportContext.java:199)
	at java.base/sun.security.ssl.SSLTransport.decode(SSLTransport.java:172)
	at java.base/sun.security.ssl.SSLSocketImpl.decode(SSLSocketImpl.java:1506)
	at java.base/sun.security.ssl.SSLSocketImpl.readHandshakeRecord(SSLSocketImpl.java:1416)
	at java.base/sun.security.ssl.SSLSocketImpl.startHandshake(SSLSocketImpl.java:451)
	at java.base/sun.security.ssl.SSLSocketImpl.ensureNegotiated(SSLSocketImpl.java:916)
	at java.base/sun.security.ssl.SSLSocketImpl$AppInputStream.read(SSLSocketImpl.java:1007)
	at java.base/sun.security.ssl.SSLSocketImpl$AppInputStream.read(SSLSocketImpl.java:967)
	at java.base/java.io.DataInputStream.readInt(DataInputStream.java:393)
	at bftsmart.communication.server.ServersCommunicationLayer.run(ServersCommunicationLayer.java:333)
OpenJDK 64-Bit Server VM warning: sched_getaffinity failed (Function not supported)- using online processor count (8) which may exceed available processors
javax.net.ssl.SSLHandshakeException: no cipher suites in common
	at java.base/sun.security.ssl.Alert.createSSLException(Alert.java:131)
	at java.base/sun.security.ssl.Alert.createSSLException(Alert.java:117)
	at java.base/sun.security.ssl.TransportContext.fatal(TransportContext.java:356)
	at java.base/sun.security.ssl.TransportContext.fatal(TransportContext.java:312)
	at java.base/sun.security.ssl.TransportContext.fatal(TransportContext.java:303)
	at java.base/sun.security.ssl.ServerHello$T12ServerHelloProducer.chooseCipherSuite(ServerHello.java:471)
	at java.base/sun.security.ssl.ServerHello$T12ServerHelloProducer.produce(ServerHello.java:297)
	at java.base/sun.security.ssl.SSLHandshake.produce(SSLHandshake.java:440)
	at java.base/sun.security.ssl.ClientHello$T12ClientHelloConsumer.consume(ClientHello.java:1120)
	at java.base/sun.security.ssl.ClientHello$ClientHelloConsumer.onClientHello(ClientHello.java:853)
	at java.base/sun.security.ssl.ClientHello$ClientHelloConsumer.consume(ClientHello.java:812)
	at java.base/sun.security.ssl.SSLHandshake.consume(SSLHandshake.java:396)
	at java.base/sun.security.ssl.HandshakeContext.dispatch(HandshakeContext.java:480)
	at java.base/sun.security.ssl.HandshakeContext.dispatch(HandshakeContext.java:458)
	at java.base/sun.security.ssl.TransportContext.dispatch(TransportContext.java:199)
	at java.base/sun.security.ssl.SSLTransport.decode(SSLTransport.java:172)
	at java.base/sun.security.ssl.SSLSocketImpl.decode(SSLSocketImpl.java:1506)
	at java.base/sun.security.ssl.SSLSocketImpl.readHandshakeRecord(SSLSocketImpl.java:1416)
	at java.base/sun.security.ssl.SSLSocketImpl.startHandshake(SSLSocketImpl.java:451)
	at java.base/sun.security.ssl.SSLSocketImpl.ensureNegotiated(SSLSocketImpl.java:916)
	at java.base/sun.security.ssl.SSLSocketImpl$AppInputStream.read(SSLSocketImpl.java:1007)
	at java.base/sun.security.ssl.SSLSocketImpl$AppInputStream.read(SSLSocketImpl.java:967)
	at java.base/java.io.DataInputStream.readInt(DataInputStream.java:393)
	at bftsmart.communication.server.ServersCommunicationLayer.run(ServersCommunicationLayer.java:333)
OpenJDK 64-Bit Server VM warning: sched_getaffinity failed (Function not supported)- using online processor count (8) which may exceed available processors
javax.net.ssl.SSLHandshakeException: no cipher suites in common
	at java.base/sun.security.ssl.Alert.createSSLException(Alert.java:131)
	at java.base/sun.security.ssl.Alert.createSSLException(Alert.java:117)
	at java.base/sun.security.ssl.TransportContext.fatal(TransportContext.java:356)
	at java.base/sun.security.ssl.TransportContext.fatal(TransportContext.java:312)
	at java.base/sun.security.ssl.TransportContext.fatal(TransportContext.java:303)
	at java.base/sun.security.ssl.ServerHello$T12ServerHelloProducer.chooseCipherSuite(ServerHello.java:471)
	at java.base/sun.security.ssl.ServerHello$T12ServerHelloProducer.produce(ServerHello.java:297)
	at java.base/sun.security.ssl.SSLHandshake.produce(SSLHandshake.java:440)
	at java.base/sun.security.ssl.ClientHello$T12ClientHelloConsumer.consume(ClientHello.java:1120)
	at java.base/sun.security.ssl.ClientHello$ClientHelloConsumer.onClientHello(ClientHello.java:853)
	at java.base/sun.security.ssl.ClientHello$ClientHelloConsumer.consume(ClientHello.java:812)
	at java.base/sun.security.ssl.SSLHandshake.consume(SSLHandshake.java:396)
	at java.base/sun.security.ssl.HandshakeContext.dispatch(HandshakeContext.java:480)
	at java.base/sun.security.ssl.HandshakeContext.dispatch(HandshakeContext.java:458)
	at java.base/sun.security.ssl.TransportContext.dispatch(TransportContext.java:199)
	at java.base/sun.security.ssl.SSLTransport.decode(SSLTransport.java:172)
	at java.base/sun.security.ssl.SSLSocketImpl.decode(SSLSocketImpl.java:1506)
	at java.base/sun.security.ssl.SSLSocketImpl.readHandshakeRecord(SSLSocketImpl.java:1416)
	at java.base/sun.security.ssl.SSLSocketImpl.startHandshake(SSLSocketImpl.java:451)
	at java.base/sun.security.ssl.SSLSocketImpl.ensureNegotiated(SSLSocketImpl.java:916)
	at java.base/sun.security.ssl.SSLSocketImpl$AppInputStream.read(SSLSocketImpl.java:1007)
	at java.base/sun.security.ssl.SSLSocketImpl$AppInputStream.read(SSLSocketImpl.java:967)
	at java.base/java.io.DataInputStream.readInt(DataInputStream.java:393)
	at bftsmart.communication.server.ServersCommunicationLayer.run(ServersCommunicationLayer.java:333)
javax.net.ssl.SSLHandshakeException: no cipher suites in common
	at java.base/sun.security.ssl.Alert.createSSLException(Alert.java:131)
	at java.base/sun.security.ssl.Alert.createSSLException(Alert.java:117)
	at java.base/sun.security.ssl.TransportContext.fatal(TransportContext.java:356)
	at java.base/sun.security.ssl.TransportContext.fatal(TransportContext.java:312)
	at java.base/sun.security.ssl.TransportContext.fatal(TransportContext.java:303)
	at java.base/sun.security.ssl.ServerHello$T12ServerHelloProducer.chooseCipherSuite(ServerHello.java:471)
	at java.base/sun.security.ssl.ServerHello$T12ServerHelloProducer.produce(ServerHello.java:297)
	at java.base/sun.security.ssl.SSLHandshake.produce(SSLHandshake.java:440)
	at java.base/sun.security.ssl.ClientHello$T12ClientHelloConsumer.consume(ClientHello.java:1120)
	at java.base/sun.security.ssl.ClientHello$ClientHelloConsumer.onClientHello(ClientHello.java:853)
	at java.base/sun.security.ssl.ClientHello$ClientHelloConsumer.consume(ClientHello.java:812)
	at java.base/sun.security.ssl.SSLHandshake.consume(SSLHandshake.java:396)
	at java.base/sun.security.ssl.HandshakeContext.dispatch(HandshakeContext.java:480)
	at java.base/sun.security.ssl.HandshakeContext.dispatch(HandshakeContext.java:458)
	at java.base/sun.security.ssl.TransportContext.dispatch(TransportContext.java:199)
	at java.base/sun.security.ssl.SSLTransport.decode(SSLTransport.java:172)
	at java.base/sun.security.ssl.SSLSocketImpl.decode(SSLSocketImpl.java:1506)
	at java.base/sun.security.ssl.SSLSocketImpl.readHandshakeRecord(SSLSocketImpl.java:1416)
	at java.base/sun.security.ssl.SSLSocketImpl.startHandshake(SSLSocketImpl.java:451)
	at java.base/sun.security.ssl.SSLSocketImpl.ensureNegotiated(SSLSocketImpl.java:916)
	at java.base/sun.security.ssl.SSLSocketImpl$AppInputStream.read(SSLSocketImpl.java:1007)
	at java.base/sun.security.ssl.SSLSocketImpl$AppInputStream.read(SSLSocketImpl.java:967)
	at java.base/java.io.DataInputStream.readInt(DataInputStream.java:393)
	at bftsmart.communication.server.ServersCommunicationLayer.run(ServersCommunicationLayer.java:333)
OpenJDK 64-Bit Server VM warning: sched_getaffinity failed (Function not supported)- using online processor count (8) which may exceed available processors
javax.net.ssl.SSLHandshakeException: no cipher suites in common
	at java.base/sun.security.ssl.Alert.createSSLException(Alert.java:131)
	at java.base/sun.security.ssl.Alert.createSSLException(Alert.java:117)
	at java.base/sun.security.ssl.TransportContext.fatal(TransportContext.java:356)
	at java.base/sun.security.ssl.TransportContext.fatal(TransportContext.java:312)
	at java.base/sun.security.ssl.TransportContext.fatal(TransportContext.java:303)
	at java.base/sun.security.ssl.ServerHello$T12ServerHelloProducer.chooseCipherSuite(ServerHello.java:471)
	at java.base/sun.security.ssl.ServerHello$T12ServerHelloProducer.produce(ServerHello.java:297)
	at java.base/sun.security.ssl.SSLHandshake.produce(SSLHandshake.java:440)
	at java.base/sun.security.ssl.ClientHello$T12ClientHelloConsumer.consume(ClientHello.java:1120)
	at java.base/sun.security.ssl.ClientHello$ClientHelloConsumer.onClientHello(ClientHello.java:853)
	at java.base/sun.security.ssl.ClientHello$ClientHelloConsumer.consume(ClientHello.java:812)
	at java.base/sun.security.ssl.SSLHandshake.consume(SSLHandshake.java:396)
	at java.base/sun.security.ssl.HandshakeContext.dispatch(HandshakeContext.java:480)
	at java.base/sun.security.ssl.HandshakeContext.dispatch(HandshakeContext.java:458)
	at java.base/sun.security.ssl.TransportContext.dispatch(TransportContext.java:199)
	at java.base/sun.security.ssl.SSLTransport.decode(SSLTransport.java:172)
	at java.base/sun.security.ssl.SSLSocketImpl.decode(SSLSocketImpl.java:1506)
	at java.base/sun.security.ssl.SSLSocketImpl.readHandshakeRecord(SSLSocketImpl.java:1416)
	at java.base/sun.security.ssl.SSLSocketImpl.startHandshake(SSLSocketImpl.java:451)
	at java.base/sun.security.ssl.SSLSocketImpl.ensureNegotiated(SSLSocketImpl.java:916)
	at java.base/sun.security.ssl.SSLSocketImpl$AppInputStream.read(SSLSocketImpl.java:1007)
	at java.base/sun.security.ssl.SSLSocketImpl$AppInputStream.read(SSLSocketImpl.java:967)
	at java.base/java.io.DataInputStream.readInt(DataInputStream.java:393)
	at bftsmart.communication.server.ServersCommunicationLayer.run(ServersCommunicationLayer.java:333)
